<?xml version="1.0" encoding="UTF-8"?>
<!-- Generated by org.testng.reporters.JUnitReportReporter -->
<testsuite hostname="MaDdY" failures="0" tests="1" name="com.eBanking.testcases.TC_LoginTest_001" time="1.910" errors="0" timestamp="2021-04-26T12:55:59 IST" skipped="0">
  <testcase classname="com.eBanking.testcases.TC_LoginTest_001" name="loginTest" time="1.910"/>
  <system-out/>
</testsuite> <!-- com.eBanking.testcases.TC_LoginTest_001 -->
